<?xml version="1.0" encoding="UTF-8" ?>
<testsuite errors="0" failures="0" hostname="filipe-laptop" name="pokerhands.DeckTest" tests="4" time="0.156" timestamp="2011-01-04T21:26:25">
  <properties>
[...]
</properties>
  <testcase classname="pokerhands.DeckTest" name="testGenerateNewDeck" time="0.021" />
  <testcase classname="pokerhands.DeckTest" name="testGetNewHand" time="0.005" />
  <testcase classname="pokerhands.DeckTest" name="testShuffle" time="0.009" />
  <testcase classname="pokerhands.DeckTest" name="testShuffleSize" time="0.001" />
  <system-out><![CDATA[generateNewDeck
getNewHand
shuffle
shuffle
]]></system-out>
  <system-err><![CDATA[]]></system-err>
</testsuite>
